2018-08-28 19:42:28,005 INFO [Thread-1] o.mockserver.mockserver.MockServer [MockServer.java:56] MockServer starting up on port: 1080
2018-08-28 19:42:35,737 WARN [main] o.s.b.a.o.j.JpaBaseConfiguration$JpaWebConfiguration$JpaWebMvcConfiguration [JpaBaseConfiguration.java:235] spring.jpa.open-in-view is enabled by default. Therefore, database queries may be performed during view rendering. Explicitly configure spring.jpa.open-in-view to disable this warning
2018-08-28 19:42:39,933 WARN [Thread-6] o.s.b.f.s.DisposableBeanAdapter [DisposableBeanAdapter.java:265] Invocation of destroy method failed on bean with name 'inMemoryDatabaseShutdownExecutor': org.h2.jdbc.JdbcSQLException: Database is already closed (to disable automatic closing at VM shutdown, add ";DB_CLOSE_ON_EXIT=FALSE" to the db URL) [90121-197]
2018-08-28 19:43:17,033 INFO [Thread-1] o.mockserver.mockserver.MockServer [MockServer.java:56] MockServer starting up on port: 1080
2018-08-28 19:43:23,076 WARN [main] o.s.b.a.o.j.JpaBaseConfiguration$JpaWebConfiguration$JpaWebMvcConfiguration [JpaBaseConfiguration.java:235] spring.jpa.open-in-view is enabled by default. Therefore, database queries may be performed during view rendering. Explicitly configure spring.jpa.open-in-view to disable this warning
2018-08-28 19:43:25,678 WARN [Thread-6] o.s.b.f.s.DisposableBeanAdapter [DisposableBeanAdapter.java:265] Invocation of destroy method failed on bean with name 'inMemoryDatabaseShutdownExecutor': org.h2.jdbc.JdbcSQLException: Database is already closed (to disable automatic closing at VM shutdown, add ";DB_CLOSE_ON_EXIT=FALSE" to the db URL) [90121-197]
2018-08-28 19:46:01,410 INFO [Thread-1] o.mockserver.mockserver.MockServer [MockServer.java:56] MockServer starting up on port: 1080
2018-08-28 19:46:07,613 WARN [main] o.s.b.a.o.j.JpaBaseConfiguration$JpaWebConfiguration$JpaWebMvcConfiguration [JpaBaseConfiguration.java:235] spring.jpa.open-in-view is enabled by default. Therefore, database queries may be performed during view rendering. Explicitly configure spring.jpa.open-in-view to disable this warning
2018-08-28 19:46:09,837 WARN [main] o.s.w.s.m.s.DefaultHandlerExceptionResolver [DefaultHandlerExceptionResolver.java:424] Failed to read HTTP message: org.springframework.http.converter.HttpMessageNotReadableException: Required request body is missing: public org.springframework.http.HttpEntity br.com.example.SpringBootH2.controller.PlayerController.insert(br.com.example.SpringBootH2.request.PlayerRequest)
2018-08-28 19:46:09,886 WARN [Thread-6] o.s.b.f.s.DisposableBeanAdapter [DisposableBeanAdapter.java:265] Invocation of destroy method failed on bean with name 'inMemoryDatabaseShutdownExecutor': org.h2.jdbc.JdbcSQLException: Database is already closed (to disable automatic closing at VM shutdown, add ";DB_CLOSE_ON_EXIT=FALSE" to the db URL) [90121-197]
2018-08-28 19:49:48,107 INFO [Thread-1] o.mockserver.mockserver.MockServer [MockServer.java:56] MockServer starting up on port: 1080
2018-08-28 19:49:54,308 WARN [main] o.s.b.a.o.j.JpaBaseConfiguration$JpaWebConfiguration$JpaWebMvcConfiguration [JpaBaseConfiguration.java:235] spring.jpa.open-in-view is enabled by default. Therefore, database queries may be performed during view rendering. Explicitly configure spring.jpa.open-in-view to disable this warning
2018-08-28 19:49:56,616 WARN [main] o.s.w.s.m.s.DefaultHandlerExceptionResolver [DefaultHandlerExceptionResolver.java:424] Failed to read HTTP message: org.springframework.http.converter.HttpMessageNotReadableException: Required request body is missing: public org.springframework.http.HttpEntity br.com.example.SpringBootH2.controller.PlayerController.insert(br.com.example.SpringBootH2.request.PlayerRequest)
2018-08-28 19:49:56,659 WARN [Thread-6] o.s.b.f.s.DisposableBeanAdapter [DisposableBeanAdapter.java:265] Invocation of destroy method failed on bean with name 'inMemoryDatabaseShutdownExecutor': org.h2.jdbc.JdbcSQLException: Database is already closed (to disable automatic closing at VM shutdown, add ";DB_CLOSE_ON_EXIT=FALSE" to the db URL) [90121-197]
2018-08-28 19:51:56,327 INFO [Thread-1] o.mockserver.mockserver.MockServer [MockServer.java:56] MockServer starting up on port: 1080
2018-08-28 19:52:02,421 WARN [main] o.s.b.a.o.j.JpaBaseConfiguration$JpaWebConfiguration$JpaWebMvcConfiguration [JpaBaseConfiguration.java:235] spring.jpa.open-in-view is enabled by default. Therefore, database queries may be performed during view rendering. Explicitly configure spring.jpa.open-in-view to disable this warning
2018-08-28 19:52:04,697 WARN [main] o.s.w.s.m.s.DefaultHandlerExceptionResolver [DefaultHandlerExceptionResolver.java:424] Failed to read HTTP message: org.springframework.http.converter.HttpMessageNotReadableException: Required request body is missing: public org.springframework.http.HttpEntity br.com.example.SpringBootH2.controller.PlayerController.insert(br.com.example.SpringBootH2.request.PlayerRequest)
2018-08-28 19:52:04,752 WARN [Thread-6] o.s.b.f.s.DisposableBeanAdapter [DisposableBeanAdapter.java:265] Invocation of destroy method failed on bean with name 'inMemoryDatabaseShutdownExecutor': org.h2.jdbc.JdbcSQLException: Database is already closed (to disable automatic closing at VM shutdown, add ";DB_CLOSE_ON_EXIT=FALSE" to the db URL) [90121-197]
2018-08-28 19:52:37,635 INFO [Thread-1] o.mockserver.mockserver.MockServer [MockServer.java:56] MockServer starting up on port: 1080
2018-08-28 19:52:43,552 WARN [main] o.s.b.a.o.j.JpaBaseConfiguration$JpaWebConfiguration$JpaWebMvcConfiguration [JpaBaseConfiguration.java:235] spring.jpa.open-in-view is enabled by default. Therefore, database queries may be performed during view rendering. Explicitly configure spring.jpa.open-in-view to disable this warning
2018-08-28 19:52:45,620 WARN [Thread-6] o.s.b.f.s.DisposableBeanAdapter [DisposableBeanAdapter.java:265] Invocation of destroy method failed on bean with name 'inMemoryDatabaseShutdownExecutor': org.h2.jdbc.JdbcSQLException: Database is already closed (to disable automatic closing at VM shutdown, add ";DB_CLOSE_ON_EXIT=FALSE" to the db URL) [90121-197]
2018-08-28 19:53:19,866 INFO [Thread-1] o.mockserver.mockserver.MockServer [MockServer.java:56] MockServer starting up on port: 1080
2018-08-28 19:53:26,008 WARN [main] o.s.b.a.o.j.JpaBaseConfiguration$JpaWebConfiguration$JpaWebMvcConfiguration [JpaBaseConfiguration.java:235] spring.jpa.open-in-view is enabled by default. Therefore, database queries may be performed during view rendering. Explicitly configure spring.jpa.open-in-view to disable this warning
2018-08-28 19:53:28,161 WARN [main] o.s.w.s.m.s.DefaultHandlerExceptionResolver [DefaultHandlerExceptionResolver.java:424] Failed to read HTTP message: org.springframework.http.converter.HttpMessageNotReadableException: Required request body is missing: public org.springframework.http.HttpEntity br.com.example.SpringBootH2.controller.PlayerController.insert(br.com.example.SpringBootH2.request.PlayerRequest)
2018-08-28 19:53:28,226 WARN [Thread-6] o.s.b.f.s.DisposableBeanAdapter [DisposableBeanAdapter.java:265] Invocation of destroy method failed on bean with name 'inMemoryDatabaseShutdownExecutor': org.h2.jdbc.JdbcSQLException: Database is already closed (to disable automatic closing at VM shutdown, add ";DB_CLOSE_ON_EXIT=FALSE" to the db URL) [90121-197]
2018-08-28 19:54:27,851 INFO [Thread-1] o.mockserver.mockserver.MockServer [MockServer.java:56] MockServer starting up on port: 1080
2018-08-28 19:54:35,479 WARN [main] o.s.b.a.o.j.JpaBaseConfiguration$JpaWebConfiguration$JpaWebMvcConfiguration [JpaBaseConfiguration.java:235] spring.jpa.open-in-view is enabled by default. Therefore, database queries may be performed during view rendering. Explicitly configure spring.jpa.open-in-view to disable this warning
2018-08-28 19:54:37,862 WARN [main] o.s.w.s.m.s.DefaultHandlerExceptionResolver [DefaultHandlerExceptionResolver.java:424] Failed to read HTTP message: org.springframework.http.converter.HttpMessageNotReadableException: Required request body is missing: public org.springframework.http.HttpEntity br.com.example.SpringBootH2.controller.PlayerController.insert(br.com.example.SpringBootH2.request.PlayerRequest)
2018-08-28 19:54:37,932 WARN [Thread-6] o.s.b.f.s.DisposableBeanAdapter [DisposableBeanAdapter.java:265] Invocation of destroy method failed on bean with name 'inMemoryDatabaseShutdownExecutor': org.h2.jdbc.JdbcSQLException: Database is already closed (to disable automatic closing at VM shutdown, add ";DB_CLOSE_ON_EXIT=FALSE" to the db URL) [90121-197]
2018-08-28 19:55:54,996 INFO [Thread-1] o.mockserver.mockserver.MockServer [MockServer.java:56] MockServer starting up on port: 1080
2018-08-28 19:56:01,180 WARN [main] o.s.b.a.o.j.JpaBaseConfiguration$JpaWebConfiguration$JpaWebMvcConfiguration [JpaBaseConfiguration.java:235] spring.jpa.open-in-view is enabled by default. Therefore, database queries may be performed during view rendering. Explicitly configure spring.jpa.open-in-view to disable this warning
2018-08-28 19:56:03,364 WARN [main] o.s.w.s.m.s.DefaultHandlerExceptionResolver [DefaultHandlerExceptionResolver.java:424] Failed to read HTTP message: org.springframework.http.converter.HttpMessageNotReadableException: Required request body is missing: public org.springframework.http.HttpEntity br.com.example.SpringBootH2.controller.PlayerController.insert(br.com.example.SpringBootH2.request.PlayerRequest)
2018-08-28 19:56:03,416 WARN [Thread-6] o.s.b.f.s.DisposableBeanAdapter [DisposableBeanAdapter.java:265] Invocation of destroy method failed on bean with name 'inMemoryDatabaseShutdownExecutor': org.h2.jdbc.JdbcSQLException: Database is already closed (to disable automatic closing at VM shutdown, add ";DB_CLOSE_ON_EXIT=FALSE" to the db URL) [90121-197]
2018-08-28 19:57:41,679 INFO [Thread-1] o.mockserver.mockserver.MockServer [MockServer.java:56] MockServer starting up on port: 1080
2018-08-28 19:57:47,747 WARN [main] o.s.b.a.o.j.JpaBaseConfiguration$JpaWebConfiguration$JpaWebMvcConfiguration [JpaBaseConfiguration.java:235] spring.jpa.open-in-view is enabled by default. Therefore, database queries may be performed during view rendering. Explicitly configure spring.jpa.open-in-view to disable this warning
2018-08-28 19:57:50,045 WARN [main] o.s.w.s.m.s.DefaultHandlerExceptionResolver [DefaultHandlerExceptionResolver.java:424] Failed to read HTTP message: org.springframework.http.converter.HttpMessageNotReadableException: Required request body is missing: public org.springframework.http.HttpEntity br.com.example.SpringBootH2.controller.PlayerController.insert(br.com.example.SpringBootH2.request.PlayerRequest)
2018-08-28 19:57:50,103 WARN [Thread-6] o.s.b.f.s.DisposableBeanAdapter [DisposableBeanAdapter.java:265] Invocation of destroy method failed on bean with name 'inMemoryDatabaseShutdownExecutor': org.h2.jdbc.JdbcSQLException: Database is already closed (to disable automatic closing at VM shutdown, add ";DB_CLOSE_ON_EXIT=FALSE" to the db URL) [90121-197]
2018-08-28 20:15:18,021 INFO [Thread-1] o.mockserver.mockserver.MockServer [MockServer.java:56] MockServer starting up on port: 1080
2018-08-28 20:15:23,406 INFO [Thread-1] o.mockserver.mockserver.MockServer [MockServer.java:56] MockServer starting up on port: 1080
2018-08-28 20:15:28,754 WARN [main] o.s.b.a.o.j.JpaBaseConfiguration$JpaWebConfiguration$JpaWebMvcConfiguration [JpaBaseConfiguration.java:235] spring.jpa.open-in-view is enabled by default. Therefore, database queries may be performed during view rendering. Explicitly configure spring.jpa.open-in-view to disable this warning
2018-08-28 20:15:31,717 WARN [main] o.s.w.s.m.s.DefaultHandlerExceptionResolver [DefaultHandlerExceptionResolver.java:424] Failed to read HTTP message: org.springframework.http.converter.HttpMessageNotReadableException: Required request body is missing: public org.springframework.http.HttpEntity br.com.example.SpringBootH2.controller.PlayerController.insert(br.com.example.SpringBootH2.request.PlayerRequest)
2018-08-28 20:15:31,777 WARN [Thread-6] o.s.b.f.s.DisposableBeanAdapter [DisposableBeanAdapter.java:265] Invocation of destroy method failed on bean with name 'inMemoryDatabaseShutdownExecutor': org.h2.jdbc.JdbcSQLException: Database is already closed (to disable automatic closing at VM shutdown, add ";DB_CLOSE_ON_EXIT=FALSE" to the db URL) [90121-197]
2018-08-28 20:16:18,103 INFO [Thread-1] o.mockserver.mockserver.MockServer [MockServer.java:56] MockServer starting up on port: 1080
2018-08-28 20:16:25,476 WARN [main] o.s.b.a.o.j.JpaBaseConfiguration$JpaWebConfiguration$JpaWebMvcConfiguration [JpaBaseConfiguration.java:235] spring.jpa.open-in-view is enabled by default. Therefore, database queries may be performed during view rendering. Explicitly configure spring.jpa.open-in-view to disable this warning
2018-08-28 20:16:28,494 WARN [Thread-6] o.s.b.f.s.DisposableBeanAdapter [DisposableBeanAdapter.java:265] Invocation of destroy method failed on bean with name 'inMemoryDatabaseShutdownExecutor': org.h2.jdbc.JdbcSQLException: Database is already closed (to disable automatic closing at VM shutdown, add ";DB_CLOSE_ON_EXIT=FALSE" to the db URL) [90121-197]
2018-08-28 20:17:09,163 INFO [Thread-1] o.mockserver.mockserver.MockServer [MockServer.java:56] MockServer starting up on port: 1080
2018-08-28 20:17:17,414 WARN [main] o.s.b.a.o.j.JpaBaseConfiguration$JpaWebConfiguration$JpaWebMvcConfiguration [JpaBaseConfiguration.java:235] spring.jpa.open-in-view is enabled by default. Therefore, database queries may be performed during view rendering. Explicitly configure spring.jpa.open-in-view to disable this warning
2018-08-28 20:17:21,514 WARN [Thread-6] o.s.b.f.s.DisposableBeanAdapter [DisposableBeanAdapter.java:265] Invocation of destroy method failed on bean with name 'inMemoryDatabaseShutdownExecutor': org.h2.jdbc.JdbcSQLException: Database is already closed (to disable automatic closing at VM shutdown, add ";DB_CLOSE_ON_EXIT=FALSE" to the db URL) [90121-197]
2018-08-28 20:17:28,905 INFO [Thread-1] o.mockserver.mockserver.MockServer [MockServer.java:56] MockServer starting up on port: 1080
2018-08-28 20:17:36,450 WARN [main] o.s.b.a.o.j.JpaBaseConfiguration$JpaWebConfiguration$JpaWebMvcConfiguration [JpaBaseConfiguration.java:235] spring.jpa.open-in-view is enabled by default. Therefore, database queries may be performed during view rendering. Explicitly configure spring.jpa.open-in-view to disable this warning
2018-08-28 20:17:39,208 WARN [main] o.s.w.s.m.s.DefaultHandlerExceptionResolver [DefaultHandlerExceptionResolver.java:424] Failed to read HTTP message: org.springframework.http.converter.HttpMessageNotReadableException: Required request body is missing: public org.springframework.http.HttpEntity br.com.example.SpringBootH2.controller.PlayerController.insert(br.com.example.SpringBootH2.request.PlayerRequest)
2018-08-28 20:17:39,271 WARN [Thread-6] o.s.b.f.s.DisposableBeanAdapter [DisposableBeanAdapter.java:265] Invocation of destroy method failed on bean with name 'inMemoryDatabaseShutdownExecutor': org.h2.jdbc.JdbcSQLException: Database is already closed (to disable automatic closing at VM shutdown, add ";DB_CLOSE_ON_EXIT=FALSE" to the db URL) [90121-197]
2018-08-28 20:20:17,337 INFO [Thread-1] o.mockserver.mockserver.MockServer [MockServer.java:56] MockServer starting up on port: 1080
2018-08-28 20:20:25,074 WARN [main] o.s.b.a.o.j.JpaBaseConfiguration$JpaWebConfiguration$JpaWebMvcConfiguration [JpaBaseConfiguration.java:235] spring.jpa.open-in-view is enabled by default. Therefore, database queries may be performed during view rendering. Explicitly configure spring.jpa.open-in-view to disable this warning
2018-08-28 20:20:27,767 WARN [main] o.s.w.s.m.s.DefaultHandlerExceptionResolver [DefaultHandlerExceptionResolver.java:424] Failed to read HTTP message: org.springframework.http.converter.HttpMessageNotReadableException: Required request body is missing: public org.springframework.http.HttpEntity br.com.example.SpringBootH2.controller.PlayerController.insert(br.com.example.SpringBootH2.request.PlayerRequest)
2018-08-28 20:20:27,828 WARN [Thread-6] o.s.b.f.s.DisposableBeanAdapter [DisposableBeanAdapter.java:265] Invocation of destroy method failed on bean with name 'inMemoryDatabaseShutdownExecutor': org.h2.jdbc.JdbcSQLException: Database is already closed (to disable automatic closing at VM shutdown, add ";DB_CLOSE_ON_EXIT=FALSE" to the db URL) [90121-197]
2018-08-28 20:22:21,694 INFO [Thread-1] o.mockserver.mockserver.MockServer [MockServer.java:56] MockServer starting up on port: 1080
2018-08-28 20:22:29,402 WARN [main] o.s.b.a.o.j.JpaBaseConfiguration$JpaWebConfiguration$JpaWebMvcConfiguration [JpaBaseConfiguration.java:235] spring.jpa.open-in-view is enabled by default. Therefore, database queries may be performed during view rendering. Explicitly configure spring.jpa.open-in-view to disable this warning
2018-08-28 20:22:32,462 WARN [Thread-6] o.s.b.f.s.DisposableBeanAdapter [DisposableBeanAdapter.java:265] Invocation of destroy method failed on bean with name 'inMemoryDatabaseShutdownExecutor': org.h2.jdbc.JdbcSQLException: Database is already closed (to disable automatic closing at VM shutdown, add ";DB_CLOSE_ON_EXIT=FALSE" to the db URL) [90121-197]
2018-08-28 20:27:46,746 INFO [Thread-1] o.mockserver.mockserver.MockServer [MockServer.java:56] MockServer starting up on port: 1080
2018-08-28 20:27:54,102 WARN [main] o.s.b.a.o.j.JpaBaseConfiguration$JpaWebConfiguration$JpaWebMvcConfiguration [JpaBaseConfiguration.java:235] spring.jpa.open-in-view is enabled by default. Therefore, database queries may be performed during view rendering. Explicitly configure spring.jpa.open-in-view to disable this warning
2018-08-28 20:27:57,161 WARN [Thread-6] o.s.b.f.s.DisposableBeanAdapter [DisposableBeanAdapter.java:265] Invocation of destroy method failed on bean with name 'inMemoryDatabaseShutdownExecutor': org.h2.jdbc.JdbcSQLException: Database is already closed (to disable automatic closing at VM shutdown, add ";DB_CLOSE_ON_EXIT=FALSE" to the db URL) [90121-197]
2018-08-28 20:29:15,969 INFO [Thread-1] o.mockserver.mockserver.MockServer [MockServer.java:56] MockServer starting up on port: 1080
2018-08-28 20:29:23,361 WARN [main] o.s.b.a.o.j.JpaBaseConfiguration$JpaWebConfiguration$JpaWebMvcConfiguration [JpaBaseConfiguration.java:235] spring.jpa.open-in-view is enabled by default. Therefore, database queries may be performed during view rendering. Explicitly configure spring.jpa.open-in-view to disable this warning
2018-08-28 20:29:26,557 WARN [Thread-6] o.s.b.f.s.DisposableBeanAdapter [DisposableBeanAdapter.java:265] Invocation of destroy method failed on bean with name 'inMemoryDatabaseShutdownExecutor': org.h2.jdbc.JdbcSQLException: Database is already closed (to disable automatic closing at VM shutdown, add ";DB_CLOSE_ON_EXIT=FALSE" to the db URL) [90121-197]
2018-08-28 20:30:01,355 INFO [Thread-1] o.mockserver.mockserver.MockServer [MockServer.java:56] MockServer starting up on port: 1080
2018-08-28 20:30:08,873 WARN [main] o.s.b.a.o.j.JpaBaseConfiguration$JpaWebConfiguration$JpaWebMvcConfiguration [JpaBaseConfiguration.java:235] spring.jpa.open-in-view is enabled by default. Therefore, database queries may be performed during view rendering. Explicitly configure spring.jpa.open-in-view to disable this warning
2018-08-28 20:30:11,629 WARN [Thread-6] o.s.b.f.s.DisposableBeanAdapter [DisposableBeanAdapter.java:265] Invocation of destroy method failed on bean with name 'inMemoryDatabaseShutdownExecutor': org.h2.jdbc.JdbcSQLException: Database is already closed (to disable automatic closing at VM shutdown, add ";DB_CLOSE_ON_EXIT=FALSE" to the db URL) [90121-197]
2018-08-28 20:31:32,269 INFO [Thread-1] o.mockserver.mockserver.MockServer [MockServer.java:56] MockServer starting up on port: 1080
2018-08-28 20:31:39,702 WARN [main] o.s.b.a.o.j.JpaBaseConfiguration$JpaWebConfiguration$JpaWebMvcConfiguration [JpaBaseConfiguration.java:235] spring.jpa.open-in-view is enabled by default. Therefore, database queries may be performed during view rendering. Explicitly configure spring.jpa.open-in-view to disable this warning
2018-08-28 20:31:42,695 WARN [Thread-6] o.s.b.f.s.DisposableBeanAdapter [DisposableBeanAdapter.java:265] Invocation of destroy method failed on bean with name 'inMemoryDatabaseShutdownExecutor': org.h2.jdbc.JdbcSQLException: Database is already closed (to disable automatic closing at VM shutdown, add ";DB_CLOSE_ON_EXIT=FALSE" to the db URL) [90121-197]
2018-08-28 20:37:11,779 INFO [Thread-1] o.mockserver.mockserver.MockServer [MockServer.java:56] MockServer starting up on port: 1080
2018-08-28 20:37:18,056 WARN [main] o.s.b.a.o.j.JpaBaseConfiguration$JpaWebConfiguration$JpaWebMvcConfiguration [JpaBaseConfiguration.java:235] spring.jpa.open-in-view is enabled by default. Therefore, database queries may be performed during view rendering. Explicitly configure spring.jpa.open-in-view to disable this warning
2018-08-28 20:37:20,603 WARN [Thread-6] o.s.b.f.s.DisposableBeanAdapter [DisposableBeanAdapter.java:265] Invocation of destroy method failed on bean with name 'inMemoryDatabaseShutdownExecutor': org.h2.jdbc.JdbcSQLException: Database is already closed (to disable automatic closing at VM shutdown, add ";DB_CLOSE_ON_EXIT=FALSE" to the db URL) [90121-197]
2018-08-28 20:37:33,704 INFO [Thread-1] o.mockserver.mockserver.MockServer [MockServer.java:56] MockServer starting up on port: 1080
2018-08-28 20:37:40,066 WARN [main] o.s.b.a.o.j.JpaBaseConfiguration$JpaWebConfiguration$JpaWebMvcConfiguration [JpaBaseConfiguration.java:235] spring.jpa.open-in-view is enabled by default. Therefore, database queries may be performed during view rendering. Explicitly configure spring.jpa.open-in-view to disable this warning
2018-08-28 20:37:42,654 WARN [Thread-6] o.s.b.f.s.DisposableBeanAdapter [DisposableBeanAdapter.java:265] Invocation of destroy method failed on bean with name 'inMemoryDatabaseShutdownExecutor': org.h2.jdbc.JdbcSQLException: Database is already closed (to disable automatic closing at VM shutdown, add ";DB_CLOSE_ON_EXIT=FALSE" to the db URL) [90121-197]
2018-08-29 08:25:59,444 INFO [Thread-1] o.mockserver.mockserver.MockServer [MockServer.java:56] MockServer starting up on port: 1080
2018-08-29 08:26:03,898 WARN [main] o.s.b.a.o.j.JpaBaseConfiguration$JpaWebConfiguration$JpaWebMvcConfiguration [JpaBaseConfiguration.java:235] spring.jpa.open-in-view is enabled by default. Therefore, database queries may be performed during view rendering. Explicitly configure spring.jpa.open-in-view to disable this warning
2018-08-29 08:26:05,797 WARN [Thread-6] o.s.b.f.s.DisposableBeanAdapter [DisposableBeanAdapter.java:265] Invocation of destroy method failed on bean with name 'inMemoryDatabaseShutdownExecutor': org.h2.jdbc.JdbcSQLException: Database is already closed (to disable automatic closing at VM shutdown, add ";DB_CLOSE_ON_EXIT=FALSE" to the db URL) [90121-197]
2018-08-29 08:31:36,624 INFO [Thread-1] o.mockserver.mockserver.MockServer [MockServer.java:56] MockServer starting up on port: 1080
2018-08-29 08:31:40,606 WARN [main] o.s.b.a.o.j.JpaBaseConfiguration$JpaWebConfiguration$JpaWebMvcConfiguration [JpaBaseConfiguration.java:235] spring.jpa.open-in-view is enabled by default. Therefore, database queries may be performed during view rendering. Explicitly configure spring.jpa.open-in-view to disable this warning
2018-08-29 08:31:42,441 WARN [Thread-6] o.s.b.f.s.DisposableBeanAdapter [DisposableBeanAdapter.java:265] Invocation of destroy method failed on bean with name 'inMemoryDatabaseShutdownExecutor': org.h2.jdbc.JdbcSQLException: Database is already closed (to disable automatic closing at VM shutdown, add ";DB_CLOSE_ON_EXIT=FALSE" to the db URL) [90121-197]
2018-08-29 08:33:08,540 INFO [Thread-1] o.mockserver.mockserver.MockServer [MockServer.java:56] MockServer starting up on port: 1080
2018-08-29 08:33:12,887 WARN [main] o.s.b.a.o.j.JpaBaseConfiguration$JpaWebConfiguration$JpaWebMvcConfiguration [JpaBaseConfiguration.java:235] spring.jpa.open-in-view is enabled by default. Therefore, database queries may be performed during view rendering. Explicitly configure spring.jpa.open-in-view to disable this warning
2018-08-29 08:33:14,875 WARN [Thread-6] o.s.b.f.s.DisposableBeanAdapter [DisposableBeanAdapter.java:265] Invocation of destroy method failed on bean with name 'inMemoryDatabaseShutdownExecutor': org.h2.jdbc.JdbcSQLException: Database is already closed (to disable automatic closing at VM shutdown, add ";DB_CLOSE_ON_EXIT=FALSE" to the db URL) [90121-197]
2018-08-29 08:37:52,763 INFO [Thread-1] o.mockserver.mockserver.MockServer [MockServer.java:56] MockServer starting up on port: 1080
2018-08-29 08:37:56,858 WARN [main] o.s.b.a.o.j.JpaBaseConfiguration$JpaWebConfiguration$JpaWebMvcConfiguration [JpaBaseConfiguration.java:235] spring.jpa.open-in-view is enabled by default. Therefore, database queries may be performed during view rendering. Explicitly configure spring.jpa.open-in-view to disable this warning
2018-08-29 08:37:58,578 WARN [Thread-6] o.s.b.f.s.DisposableBeanAdapter [DisposableBeanAdapter.java:265] Invocation of destroy method failed on bean with name 'inMemoryDatabaseShutdownExecutor': org.h2.jdbc.JdbcSQLException: Database is already closed (to disable automatic closing at VM shutdown, add ";DB_CLOSE_ON_EXIT=FALSE" to the db URL) [90121-197]
2018-08-29 08:38:43,263 INFO [Thread-1] o.mockserver.mockserver.MockServer [MockServer.java:56] MockServer starting up on port: 1080
2018-08-29 08:38:47,312 WARN [main] o.s.b.a.o.j.JpaBaseConfiguration$JpaWebConfiguration$JpaWebMvcConfiguration [JpaBaseConfiguration.java:235] spring.jpa.open-in-view is enabled by default. Therefore, database queries may be performed during view rendering. Explicitly configure spring.jpa.open-in-view to disable this warning
2018-08-29 08:38:49,024 WARN [Thread-6] o.s.b.f.s.DisposableBeanAdapter [DisposableBeanAdapter.java:265] Invocation of destroy method failed on bean with name 'inMemoryDatabaseShutdownExecutor': org.h2.jdbc.JdbcSQLException: Database is already closed (to disable automatic closing at VM shutdown, add ";DB_CLOSE_ON_EXIT=FALSE" to the db URL) [90121-197]
2018-08-29 08:39:13,955 INFO [Thread-1] o.mockserver.mockserver.MockServer [MockServer.java:56] MockServer starting up on port: 1080
2018-08-29 08:39:18,077 WARN [main] o.s.b.a.o.j.JpaBaseConfiguration$JpaWebConfiguration$JpaWebMvcConfiguration [JpaBaseConfiguration.java:235] spring.jpa.open-in-view is enabled by default. Therefore, database queries may be performed during view rendering. Explicitly configure spring.jpa.open-in-view to disable this warning
2018-08-29 08:39:19,774 WARN [Thread-6] o.s.b.f.s.DisposableBeanAdapter [DisposableBeanAdapter.java:265] Invocation of destroy method failed on bean with name 'inMemoryDatabaseShutdownExecutor': org.h2.jdbc.JdbcSQLException: Database is already closed (to disable automatic closing at VM shutdown, add ";DB_CLOSE_ON_EXIT=FALSE" to the db URL) [90121-197]
2018-08-29 08:39:49,308 INFO [Thread-1] o.mockserver.mockserver.MockServer [MockServer.java:56] MockServer starting up on port: 1080
2018-08-29 08:39:53,430 WARN [main] o.s.b.a.o.j.JpaBaseConfiguration$JpaWebConfiguration$JpaWebMvcConfiguration [JpaBaseConfiguration.java:235] spring.jpa.open-in-view is enabled by default. Therefore, database queries may be performed during view rendering. Explicitly configure spring.jpa.open-in-view to disable this warning
2018-08-29 08:39:55,056 WARN [main] o.s.w.s.m.s.DefaultHandlerExceptionResolver [DefaultHandlerExceptionResolver.java:424] Failed to read HTTP message: org.springframework.http.converter.HttpMessageNotReadableException: JSON parse error: Unrecognized token 'Player': was expecting ('true', 'false' or 'null'); nested exception is com.fasterxml.jackson.core.JsonParseException: Unrecognized token 'Player': was expecting ('true', 'false' or 'null')
 at [Source: (PushbackInputStream); line: 1, column: 8]
2018-08-29 08:39:55,148 WARN [Thread-6] o.s.b.f.s.DisposableBeanAdapter [DisposableBeanAdapter.java:265] Invocation of destroy method failed on bean with name 'inMemoryDatabaseShutdownExecutor': org.h2.jdbc.JdbcSQLException: Database is already closed (to disable automatic closing at VM shutdown, add ";DB_CLOSE_ON_EXIT=FALSE" to the db URL) [90121-197]
2018-08-29 08:40:27,144 INFO [Thread-1] o.mockserver.mockserver.MockServer [MockServer.java:56] MockServer starting up on port: 1080
2018-08-29 08:40:31,185 WARN [main] o.s.b.a.o.j.JpaBaseConfiguration$JpaWebConfiguration$JpaWebMvcConfiguration [JpaBaseConfiguration.java:235] spring.jpa.open-in-view is enabled by default. Therefore, database queries may be performed during view rendering. Explicitly configure spring.jpa.open-in-view to disable this warning
2018-08-29 08:40:32,795 WARN [main] o.s.w.s.m.s.DefaultHandlerExceptionResolver [DefaultHandlerExceptionResolver.java:424] Failed to read HTTP message: org.springframework.http.converter.HttpMessageNotReadableException: JSON parse error: Unexpected character ('n' (code 110)): was expecting double-quote to start field name; nested exception is com.fasterxml.jackson.core.JsonParseException: Unexpected character ('n' (code 110)): was expecting double-quote to start field name
 at [Source: (PushbackInputStream); line: 1, column: 3]
2018-08-29 08:40:32,853 WARN [Thread-6] o.s.b.f.s.DisposableBeanAdapter [DisposableBeanAdapter.java:265] Invocation of destroy method failed on bean with name 'inMemoryDatabaseShutdownExecutor': org.h2.jdbc.JdbcSQLException: Database is already closed (to disable automatic closing at VM shutdown, add ";DB_CLOSE_ON_EXIT=FALSE" to the db URL) [90121-197]
2018-08-29 08:41:14,025 INFO [Thread-1] o.mockserver.mockserver.MockServer [MockServer.java:56] MockServer starting up on port: 1080
2018-08-29 08:41:19,071 WARN [main] o.s.b.a.o.j.JpaBaseConfiguration$JpaWebConfiguration$JpaWebMvcConfiguration [JpaBaseConfiguration.java:235] spring.jpa.open-in-view is enabled by default. Therefore, database queries may be performed during view rendering. Explicitly configure spring.jpa.open-in-view to disable this warning
2018-08-29 08:41:20,991 WARN [main] o.s.w.s.m.s.DefaultHandlerExceptionResolver [DefaultHandlerExceptionResolver.java:424] Failed to read HTTP message: org.springframework.http.converter.HttpMessageNotReadableException: JSON parse error: Unexpected character ('n' (code 110)): was expecting double-quote to start field name; nested exception is com.fasterxml.jackson.core.JsonParseException: Unexpected character ('n' (code 110)): was expecting double-quote to start field name
 at [Source: (PushbackInputStream); line: 1, column: 3]
2018-08-29 08:41:21,063 WARN [Thread-6] o.s.b.f.s.DisposableBeanAdapter [DisposableBeanAdapter.java:265] Invocation of destroy method failed on bean with name 'inMemoryDatabaseShutdownExecutor': org.h2.jdbc.JdbcSQLException: Database is already closed (to disable automatic closing at VM shutdown, add ";DB_CLOSE_ON_EXIT=FALSE" to the db URL) [90121-197]
2018-08-29 08:41:29,772 INFO [Thread-1] o.mockserver.mockserver.MockServer [MockServer.java:56] MockServer starting up on port: 1080
2018-08-29 08:41:34,932 WARN [main] o.s.b.a.o.j.JpaBaseConfiguration$JpaWebConfiguration$JpaWebMvcConfiguration [JpaBaseConfiguration.java:235] spring.jpa.open-in-view is enabled by default. Therefore, database queries may be performed during view rendering. Explicitly configure spring.jpa.open-in-view to disable this warning
2018-08-29 08:41:51,873 WARN [main] o.s.w.s.m.s.DefaultHandlerExceptionResolver [DefaultHandlerExceptionResolver.java:424] Failed to read HTTP message: org.springframework.http.converter.HttpMessageNotReadableException: JSON parse error: Unexpected character ('n' (code 110)): was expecting double-quote to start field name; nested exception is com.fasterxml.jackson.core.JsonParseException: Unexpected character ('n' (code 110)): was expecting double-quote to start field name
 at [Source: (PushbackInputStream); line: 1, column: 3]
2018-08-29 08:42:16,332 WARN [Thread-6] o.s.b.f.s.DisposableBeanAdapter [DisposableBeanAdapter.java:265] Invocation of destroy method failed on bean with name 'inMemoryDatabaseShutdownExecutor': org.h2.jdbc.JdbcSQLException: Database is already closed (to disable automatic closing at VM shutdown, add ";DB_CLOSE_ON_EXIT=FALSE" to the db URL) [90121-197]
2018-08-29 08:42:31,178 INFO [Thread-1] o.mockserver.mockserver.MockServer [MockServer.java:56] MockServer starting up on port: 1080
2018-08-29 08:42:35,298 WARN [main] o.s.b.a.o.j.JpaBaseConfiguration$JpaWebConfiguration$JpaWebMvcConfiguration [JpaBaseConfiguration.java:235] spring.jpa.open-in-view is enabled by default. Therefore, database queries may be performed during view rendering. Explicitly configure spring.jpa.open-in-view to disable this warning
2018-08-29 08:42:36,917 WARN [main] o.s.w.s.m.s.DefaultHandlerExceptionResolver [DefaultHandlerExceptionResolver.java:424] Failed to read HTTP message: org.springframework.http.converter.HttpMessageNotReadableException: JSON parse error: Unexpected character ('n' (code 110)): was expecting double-quote to start field name; nested exception is com.fasterxml.jackson.core.JsonParseException: Unexpected character ('n' (code 110)): was expecting double-quote to start field name
 at [Source: (PushbackInputStream); line: 1, column: 3]
2018-08-29 08:42:37,023 WARN [Thread-6] o.s.b.f.s.DisposableBeanAdapter [DisposableBeanAdapter.java:265] Invocation of destroy method failed on bean with name 'inMemoryDatabaseShutdownExecutor': org.h2.jdbc.JdbcSQLException: Database is already closed (to disable automatic closing at VM shutdown, add ";DB_CLOSE_ON_EXIT=FALSE" to the db URL) [90121-197]
2018-08-29 08:43:41,763 INFO [Thread-1] o.mockserver.mockserver.MockServer [MockServer.java:56] MockServer starting up on port: 1080
2018-08-29 08:43:48,314 WARN [main] o.s.b.a.o.j.JpaBaseConfiguration$JpaWebConfiguration$JpaWebMvcConfiguration [JpaBaseConfiguration.java:235] spring.jpa.open-in-view is enabled by default. Therefore, database queries may be performed during view rendering. Explicitly configure spring.jpa.open-in-view to disable this warning
2018-08-29 08:43:50,990 WARN [Thread-6] o.s.b.f.s.DisposableBeanAdapter [DisposableBeanAdapter.java:265] Invocation of destroy method failed on bean with name 'inMemoryDatabaseShutdownExecutor': org.h2.jdbc.JdbcSQLException: Database is already closed (to disable automatic closing at VM shutdown, add ";DB_CLOSE_ON_EXIT=FALSE" to the db URL) [90121-197]
2018-08-29 08:48:44,202 INFO [Thread-1] o.mockserver.mockserver.MockServer [MockServer.java:56] MockServer starting up on port: 1080
2018-08-29 08:48:51,993 WARN [main] o.s.b.a.o.j.JpaBaseConfiguration$JpaWebConfiguration$JpaWebMvcConfiguration [JpaBaseConfiguration.java:235] spring.jpa.open-in-view is enabled by default. Therefore, database queries may be performed during view rendering. Explicitly configure spring.jpa.open-in-view to disable this warning
2018-08-29 08:49:02,893 WARN [main] o.s.w.s.m.s.DefaultHandlerExceptionResolver [DefaultHandlerExceptionResolver.java:424] Failed to read HTTP message: org.springframework.http.converter.HttpMessageNotReadableException: JSON parse error: Unexpected character ('n' (code 110)): was expecting double-quote to start field name; nested exception is com.fasterxml.jackson.core.JsonParseException: Unexpected character ('n' (code 110)): was expecting double-quote to start field name
 at [Source: (PushbackInputStream); line: 1, column: 3]
2018-08-29 08:49:03,063 WARN [Thread-6] o.s.b.f.s.DisposableBeanAdapter [DisposableBeanAdapter.java:265] Invocation of destroy method failed on bean with name 'inMemoryDatabaseShutdownExecutor': org.h2.jdbc.JdbcSQLException: Database is already closed (to disable automatic closing at VM shutdown, add ";DB_CLOSE_ON_EXIT=FALSE" to the db URL) [90121-197]
2018-08-29 08:53:26,530 INFO [Thread-1] o.mockserver.mockserver.MockServer [MockServer.java:56] MockServer starting up on port: 1080
2018-08-29 08:53:33,758 WARN [main] o.s.b.a.o.j.JpaBaseConfiguration$JpaWebConfiguration$JpaWebMvcConfiguration [JpaBaseConfiguration.java:235] spring.jpa.open-in-view is enabled by default. Therefore, database queries may be performed during view rendering. Explicitly configure spring.jpa.open-in-view to disable this warning
2018-08-29 08:53:36,859 WARN [Thread-6] o.s.b.f.s.DisposableBeanAdapter [DisposableBeanAdapter.java:265] Invocation of destroy method failed on bean with name 'inMemoryDatabaseShutdownExecutor': org.h2.jdbc.JdbcSQLException: Database is already closed (to disable automatic closing at VM shutdown, add ";DB_CLOSE_ON_EXIT=FALSE" to the db URL) [90121-197]
2018-08-29 08:54:39,359 INFO [Thread-1] o.mockserver.mockserver.MockServer [MockServer.java:56] MockServer starting up on port: 1080
2018-08-29 08:54:46,131 WARN [main] o.s.b.a.o.j.JpaBaseConfiguration$JpaWebConfiguration$JpaWebMvcConfiguration [JpaBaseConfiguration.java:235] spring.jpa.open-in-view is enabled by default. Therefore, database queries may be performed during view rendering. Explicitly configure spring.jpa.open-in-view to disable this warning
2018-08-29 08:54:49,191 WARN [Thread-6] o.s.b.f.s.DisposableBeanAdapter [DisposableBeanAdapter.java:265] Invocation of destroy method failed on bean with name 'inMemoryDatabaseShutdownExecutor': org.h2.jdbc.JdbcSQLException: Database is already closed (to disable automatic closing at VM shutdown, add ";DB_CLOSE_ON_EXIT=FALSE" to the db URL) [90121-197]
2018-08-29 08:54:59,914 INFO [Thread-1] o.mockserver.mockserver.MockServer [MockServer.java:56] MockServer starting up on port: 1080
2018-08-29 08:55:07,015 WARN [main] o.s.b.a.o.j.JpaBaseConfiguration$JpaWebConfiguration$JpaWebMvcConfiguration [JpaBaseConfiguration.java:235] spring.jpa.open-in-view is enabled by default. Therefore, database queries may be performed during view rendering. Explicitly configure spring.jpa.open-in-view to disable this warning
2018-08-29 08:55:09,717 WARN [Thread-6] o.s.b.f.s.DisposableBeanAdapter [DisposableBeanAdapter.java:265] Invocation of destroy method failed on bean with name 'inMemoryDatabaseShutdownExecutor': org.h2.jdbc.JdbcSQLException: Database is already closed (to disable automatic closing at VM shutdown, add ";DB_CLOSE_ON_EXIT=FALSE" to the db URL) [90121-197]
2018-08-29 08:58:33,456 INFO [Thread-1] o.mockserver.mockserver.MockServer [MockServer.java:56] MockServer starting up on port: 1080
2018-08-29 08:58:37,766 WARN [main] o.s.b.a.o.j.JpaBaseConfiguration$JpaWebConfiguration$JpaWebMvcConfiguration [JpaBaseConfiguration.java:235] spring.jpa.open-in-view is enabled by default. Therefore, database queries may be performed during view rendering. Explicitly configure spring.jpa.open-in-view to disable this warning
2018-08-29 08:58:39,581 WARN [Thread-6] o.s.b.f.s.DisposableBeanAdapter [DisposableBeanAdapter.java:265] Invocation of destroy method failed on bean with name 'inMemoryDatabaseShutdownExecutor': org.h2.jdbc.JdbcSQLException: Database is already closed (to disable automatic closing at VM shutdown, add ";DB_CLOSE_ON_EXIT=FALSE" to the db URL) [90121-197]
2018-08-29 09:00:36,992 INFO [Thread-1] o.mockserver.mockserver.MockServer [MockServer.java:56] MockServer starting up on port: 1080
2018-08-29 09:00:41,254 WARN [main] o.s.b.a.o.j.JpaBaseConfiguration$JpaWebConfiguration$JpaWebMvcConfiguration [JpaBaseConfiguration.java:235] spring.jpa.open-in-view is enabled by default. Therefore, database queries may be performed during view rendering. Explicitly configure spring.jpa.open-in-view to disable this warning
2018-08-29 09:00:43,400 WARN [Thread-6] o.s.b.f.s.DisposableBeanAdapter [DisposableBeanAdapter.java:265] Invocation of destroy method failed on bean with name 'inMemoryDatabaseShutdownExecutor': org.h2.jdbc.JdbcSQLException: Database is already closed (to disable automatic closing at VM shutdown, add ";DB_CLOSE_ON_EXIT=FALSE" to the db URL) [90121-197]
2018-08-29 09:01:49,436 INFO [Thread-1] o.mockserver.mockserver.MockServer [MockServer.java:56] MockServer starting up on port: 1080
2018-08-29 09:01:55,826 WARN [Thread-6] o.s.b.f.s.DisposableBeanAdapter [DisposableBeanAdapter.java:265] Invocation of destroy method failed on bean with name 'inMemoryDatabaseShutdownExecutor': org.h2.jdbc.JdbcSQLException: Database is already closed (to disable automatic closing at VM shutdown, add ";DB_CLOSE_ON_EXIT=FALSE" to the db URL) [90121-197]
2018-08-29 09:02:48,393 INFO [Thread-1] o.mockserver.mockserver.MockServer [MockServer.java:56] MockServer starting up on port: 1080
2018-08-29 09:02:54,582 WARN [Thread-7] o.s.b.f.s.DisposableBeanAdapter [DisposableBeanAdapter.java:265] Invocation of destroy method failed on bean with name 'inMemoryDatabaseShutdownExecutor': org.h2.jdbc.JdbcSQLException: Database is already closed (to disable automatic closing at VM shutdown, add ";DB_CLOSE_ON_EXIT=FALSE" to the db URL) [90121-197]
2018-08-29 09:39:59,194 INFO [Thread-1] o.mockserver.mockserver.MockServer [MockServer.java:56] MockServer starting up on port: 1080
2018-08-29 09:40:06,538 WARN [Thread-6] o.s.b.f.s.DisposableBeanAdapter [DisposableBeanAdapter.java:265] Invocation of destroy method failed on bean with name 'inMemoryDatabaseShutdownExecutor': org.h2.jdbc.JdbcSQLException: Database is already closed (to disable automatic closing at VM shutdown, add ";DB_CLOSE_ON_EXIT=FALSE" to the db URL) [90121-197]
2018-08-29 09:40:23,956 INFO [Thread-1] o.mockserver.mockserver.MockServer [MockServer.java:56] MockServer starting up on port: 1080
2018-08-29 09:40:30,267 WARN [Thread-6] o.s.b.f.s.DisposableBeanAdapter [DisposableBeanAdapter.java:265] Invocation of destroy method failed on bean with name 'inMemoryDatabaseShutdownExecutor': org.h2.jdbc.JdbcSQLException: Database is already closed (to disable automatic closing at VM shutdown, add ";DB_CLOSE_ON_EXIT=FALSE" to the db URL) [90121-197]
2018-08-29 09:44:08,754 INFO [Thread-1] o.mockserver.mockserver.MockServer [MockServer.java:56] MockServer starting up on port: 1080
2018-08-29 09:44:15,168 WARN [Thread-6] o.s.b.f.s.DisposableBeanAdapter [DisposableBeanAdapter.java:265] Invocation of destroy method failed on bean with name 'inMemoryDatabaseShutdownExecutor': org.h2.jdbc.JdbcSQLException: Database is already closed (to disable automatic closing at VM shutdown, add ";DB_CLOSE_ON_EXIT=FALSE" to the db URL) [90121-197]
2018-08-29 09:44:52,522 INFO [Thread-1] o.mockserver.mockserver.MockServer [MockServer.java:56] MockServer starting up on port: 1080
2018-08-29 09:44:58,889 WARN [Thread-6] o.s.b.f.s.DisposableBeanAdapter [DisposableBeanAdapter.java:265] Invocation of destroy method failed on bean with name 'inMemoryDatabaseShutdownExecutor': org.h2.jdbc.JdbcSQLException: Database is already closed (to disable automatic closing at VM shutdown, add ";DB_CLOSE_ON_EXIT=FALSE" to the db URL) [90121-197]
2018-08-29 09:45:27,118 INFO [Thread-1] o.mockserver.mockserver.MockServer [MockServer.java:56] MockServer starting up on port: 1080
2018-08-29 09:45:34,827 WARN [Thread-6] o.s.b.f.s.DisposableBeanAdapter [DisposableBeanAdapter.java:265] Invocation of destroy method failed on bean with name 'inMemoryDatabaseShutdownExecutor': org.h2.jdbc.JdbcSQLException: Database is already closed (to disable automatic closing at VM shutdown, add ";DB_CLOSE_ON_EXIT=FALSE" to the db URL) [90121-197]
2018-08-29 09:46:58,062 INFO [Thread-1] o.mockserver.mockserver.MockServer [MockServer.java:56] MockServer starting up on port: 1080
2018-08-29 09:47:05,507 WARN [Thread-6] o.s.b.f.s.DisposableBeanAdapter [DisposableBeanAdapter.java:265] Invocation of destroy method failed on bean with name 'inMemoryDatabaseShutdownExecutor': org.h2.jdbc.JdbcSQLException: Database is already closed (to disable automatic closing at VM shutdown, add ";DB_CLOSE_ON_EXIT=FALSE" to the db URL) [90121-197]
2018-08-29 09:47:35,999 INFO [Thread-1] o.mockserver.mockserver.MockServer [MockServer.java:56] MockServer starting up on port: 1080
2018-08-29 09:47:42,405 WARN [Thread-6] o.s.b.f.s.DisposableBeanAdapter [DisposableBeanAdapter.java:265] Invocation of destroy method failed on bean with name 'inMemoryDatabaseShutdownExecutor': org.h2.jdbc.JdbcSQLException: Database is already closed (to disable automatic closing at VM shutdown, add ";DB_CLOSE_ON_EXIT=FALSE" to the db URL) [90121-197]
2018-08-29 09:50:52,362 INFO [Thread-1] o.mockserver.mockserver.MockServer [MockServer.java:56] MockServer starting up on port: 1080
2018-08-29 09:51:33,272 WARN [Thread-6] o.s.b.f.s.DisposableBeanAdapter [DisposableBeanAdapter.java:265] Invocation of destroy method failed on bean with name 'inMemoryDatabaseShutdownExecutor': org.h2.jdbc.JdbcSQLException: Database is already closed (to disable automatic closing at VM shutdown, add ";DB_CLOSE_ON_EXIT=FALSE" to the db URL) [90121-197]
2018-08-29 09:51:45,468 INFO [Thread-1] o.mockserver.mockserver.MockServer [MockServer.java:56] MockServer starting up on port: 1080
2018-08-29 09:58:04,682 WARN [HikariPool-1 housekeeper] com.zaxxer.hikari.pool.HikariPool [HikariPool.java:758] HikariPool-1 - Thread starvation or clock leap detected (housekeeper delta=6m14s73ms475µs205ns).
2018-08-29 09:58:04,754 WARN [Thread-6] o.s.b.f.s.DisposableBeanAdapter [DisposableBeanAdapter.java:265] Invocation of destroy method failed on bean with name 'inMemoryDatabaseShutdownExecutor': org.h2.jdbc.JdbcSQLException: Database is already closed (to disable automatic closing at VM shutdown, add ";DB_CLOSE_ON_EXIT=FALSE" to the db URL) [90121-197]
2018-08-29 09:58:35,385 INFO [Thread-1] o.mockserver.mockserver.MockServer [MockServer.java:56] MockServer starting up on port: 1080
2018-08-29 09:58:41,183 WARN [Thread-6] o.s.b.f.s.DisposableBeanAdapter [DisposableBeanAdapter.java:265] Invocation of destroy method failed on bean with name 'inMemoryDatabaseShutdownExecutor': org.h2.jdbc.JdbcSQLException: Database is already closed (to disable automatic closing at VM shutdown, add ";DB_CLOSE_ON_EXIT=FALSE" to the db URL) [90121-197]
2018-08-29 09:59:06,442 INFO [Thread-1] o.mockserver.mockserver.MockServer [MockServer.java:56] MockServer starting up on port: 1080
2018-08-29 09:59:12,348 WARN [Thread-6] o.s.b.f.s.DisposableBeanAdapter [DisposableBeanAdapter.java:265] Invocation of destroy method failed on bean with name 'inMemoryDatabaseShutdownExecutor': org.h2.jdbc.JdbcSQLException: Database is already closed (to disable automatic closing at VM shutdown, add ";DB_CLOSE_ON_EXIT=FALSE" to the db URL) [90121-197]
2018-08-29 10:03:52,631 INFO [Thread-1] o.mockserver.mockserver.MockServer [MockServer.java:56] MockServer starting up on port: 1080
2018-08-29 10:03:58,451 WARN [Thread-6] o.s.b.f.s.DisposableBeanAdapter [DisposableBeanAdapter.java:265] Invocation of destroy method failed on bean with name 'inMemoryDatabaseShutdownExecutor': org.h2.jdbc.JdbcSQLException: Database is already closed (to disable automatic closing at VM shutdown, add ";DB_CLOSE_ON_EXIT=FALSE" to the db URL) [90121-197]
2018-08-29 10:06:13,868 INFO [Thread-1] o.mockserver.mockserver.MockServer [MockServer.java:56] MockServer starting up on port: 1080
2018-08-29 10:06:19,791 WARN [Thread-6] o.s.b.f.s.DisposableBeanAdapter [DisposableBeanAdapter.java:265] Invocation of destroy method failed on bean with name 'inMemoryDatabaseShutdownExecutor': org.h2.jdbc.JdbcSQLException: Database is already closed (to disable automatic closing at VM shutdown, add ";DB_CLOSE_ON_EXIT=FALSE" to the db URL) [90121-197]
2018-08-29 10:06:41,167 INFO [Thread-1] o.mockserver.mockserver.MockServer [MockServer.java:56] MockServer starting up on port: 1080
2018-08-29 10:06:48,026 WARN [Thread-6] o.s.b.f.s.DisposableBeanAdapter [DisposableBeanAdapter.java:265] Invocation of destroy method failed on bean with name 'inMemoryDatabaseShutdownExecutor': org.h2.jdbc.JdbcSQLException: Database is already closed (to disable automatic closing at VM shutdown, add ";DB_CLOSE_ON_EXIT=FALSE" to the db URL) [90121-197]
2018-08-29 10:09:51,787 INFO [Thread-1] o.mockserver.mockserver.MockServer [MockServer.java:56] MockServer starting up on port: 1080
2018-08-29 10:09:58,833 WARN [Thread-6] o.s.b.f.s.DisposableBeanAdapter [DisposableBeanAdapter.java:265] Invocation of destroy method failed on bean with name 'inMemoryDatabaseShutdownExecutor': org.h2.jdbc.JdbcSQLException: Database is already closed (to disable automatic closing at VM shutdown, add ";DB_CLOSE_ON_EXIT=FALSE" to the db URL) [90121-197]
2018-08-29 10:11:00,133 INFO [Thread-1] o.mockserver.mockserver.MockServer [MockServer.java:56] MockServer starting up on port: 1080
2018-08-29 10:11:06,826 WARN [Thread-6] o.s.b.f.s.DisposableBeanAdapter [DisposableBeanAdapter.java:265] Invocation of destroy method failed on bean with name 'inMemoryDatabaseShutdownExecutor': org.h2.jdbc.JdbcSQLException: Database is already closed (to disable automatic closing at VM shutdown, add ";DB_CLOSE_ON_EXIT=FALSE" to the db URL) [90121-197]
